TN:
SF:src/drawers.ts
FN:4,drawCommonFrame
FN:19,drawLegendaryFrame
FN:30,drawFrame
FN:49,drawBackground
FN:67,drawText
FNF:5
FNH:5
FNDA:5,drawCommonFrame
FNDA:1,drawLegendaryFrame
FNDA:4,drawFrame
FNDA:4,drawBackground
FNDA:4,drawText
DA:1,1
DA:2,1
DA:3,1
DA:4,1
DA:5,5
DA:6,5
DA:7,5
DA:8,5
DA:9,5
DA:10,5
DA:11,5
DA:12,5
DA:13,5
DA:14,5
DA:15,5
DA:16,5
DA:17,5
DA:18,1
DA:19,1
DA:20,1
DA:21,1
DA:22,1
DA:23,1
DA:24,1
DA:25,1
DA:26,1
DA:27,1
DA:28,1
DA:29,1
DA:30,1
DA:31,4
DA:32,4
DA:33,4
DA:34,4
DA:35,4
DA:36,4
DA:37,4
DA:38,4
DA:39,4
DA:40,1
DA:41,1
DA:42,1
DA:43,1
DA:44,1
DA:45,1
DA:46,1
DA:47,1
DA:48,1
DA:49,1
DA:50,4
DA:51,4
DA:52,4
DA:53,4
DA:54,4
DA:55,4
DA:56,4
DA:57,4
DA:58,4
DA:59,4
DA:60,4
DA:61,4
DA:62,4
DA:63,4
DA:64,4
DA:65,4
DA:66,1
DA:67,1
DA:68,4
DA:69,4
DA:70,4
DA:71,4
DA:72,4
DA:73,4
DA:74,4
DA:75,4
DA:76,4
DA:77,4
DA:78,4
DA:79,4
DA:80,4
DA:81,4
DA:82,4
DA:83,4
DA:84,4
DA:85,4
DA:86,4
DA:87,9
DA:88,9
DA:89,10
DA:90,10
DA:91,10
DA:92,9
DA:93,4
DA:94,4
DA:95,4
DA:96,4
DA:97,4
DA:98,4
DA:99,4
LF:99
LH:99
BRDA:4,0,0,5
BRDA:19,1,0,1
BRDA:30,2,0,4
BRDA:49,3,0,4
BRDA:67,4,0,4
BRDA:86,5,0,9
BRDA:88,6,0,10
BRF:7
BRH:7
end_of_record
TN:
SF:src/generator.ts
FN:11,generateBasicMod
FN:41,generateRivenMod
FNF:2
FNH:2
FNDA:4,generateBasicMod
FNDA:1,generateRivenMod
DA:1,1
DA:2,1
DA:3,1
DA:4,1
DA:5,1
DA:6,1
DA:7,1
DA:8,1
DA:9,1
DA:10,1
DA:11,1
DA:12,4
DA:13,4
DA:14,4
DA:15,4
DA:16,4
DA:17,4
DA:18,4
DA:19,4
DA:20,4
DA:21,4
DA:22,4
DA:23,4
DA:24,4
DA:25,4
DA:26,4
DA:27,4
DA:28,4
DA:29,4
DA:30,4
DA:31,4
DA:32,4
DA:33,4
DA:34,1
DA:35,1
DA:36,4
DA:37,4
DA:38,4
DA:39,4
DA:40,1
DA:41,1
DA:42,1
DA:43,1
DA:44,1
DA:45,1
DA:46,1
DA:47,1
DA:48,1
DA:49,1
DA:50,1
DA:51,1
DA:52,1
DA:53,1
DA:54,1
DA:55,1
DA:56,1
DA:57,1
DA:58,1
DA:59,1
DA:60,1
DA:61,1
DA:62,1
DA:63,1
DA:64,1
DA:65,0
DA:66,0
DA:67,0
DA:68,0
DA:69,1
DA:70,1
DA:71,1
DA:72,1
DA:73,1
DA:74,1
DA:75,1
DA:76,1
DA:77,1
DA:78,1
DA:79,1
DA:80,1
DA:81,1
DA:82,1
DA:83,1
LF:83
LH:79
BRDA:11,0,0,4
BRDA:16,1,0,0
BRDA:17,2,0,0
BRDA:24,3,0,0
BRDA:33,4,0,1
BRDA:41,5,0,1
BRDA:64,6,0,0
BRF:7
BRH:3
end_of_record
TN:
SF:src/utils.ts
FN:19,flip
FN:37,getFrame
FN:54,getBackground
FN:74,modDescription
FN:93,wrapText
FNF:5
FNH:5
FNDA:12,flip
FNDA:6,getFrame
FNDA:5,getBackground
FNDA:4,modDescription
FNDA:9,wrapText
DA:1,1
DA:2,1
DA:3,1
DA:4,1
DA:5,1
DA:6,1
DA:7,1
DA:8,1
DA:9,1
DA:10,1
DA:11,1
DA:12,1
DA:13,1
DA:14,1
DA:15,1
DA:16,1
DA:17,1
DA:18,1
DA:19,1
DA:20,12
DA:21,12
DA:22,12
DA:23,12
DA:24,12
DA:25,12
DA:26,12
DA:27,12
DA:28,12
DA:29,1
DA:30,1
DA:31,1
DA:32,1
DA:33,1
DA:34,1
DA:35,1
DA:36,1
DA:37,1
DA:38,6
DA:39,6
DA:40,6
DA:41,6
DA:42,6
DA:43,6
DA:44,6
DA:45,1
DA:46,1
DA:47,1
DA:48,1
DA:49,1
DA:50,1
DA:51,1
DA:52,1
DA:53,1
DA:54,1
DA:55,5
DA:56,5
DA:57,5
DA:58,5
DA:59,5
DA:60,5
DA:61,5
DA:62,5
DA:63,5
DA:64,5
DA:65,5
DA:66,5
DA:67,5
DA:68,5
DA:69,5
DA:70,5
DA:71,5
DA:72,5
DA:73,1
DA:74,1
DA:75,4
DA:76,4
DA:77,4
DA:78,4
DA:79,4
DA:80,4
DA:81,4
DA:82,4
DA:83,4
DA:84,4
DA:85,4
DA:86,5
DA:87,5
DA:88,4
DA:89,4
DA:90,4
DA:91,4
DA:92,1
DA:93,1
DA:94,9
DA:95,9
DA:96,9
DA:97,9
DA:98,9
DA:99,32
DA:100,32
DA:101,32
DA:102,32
DA:103,1
DA:104,1
DA:105,32
DA:106,31
DA:107,31
DA:108,32
DA:109,9
DA:110,9
DA:111,9
DA:112,9
LF:112
LH:112
BRDA:19,0,0,12
BRDA:37,1,0,6
BRDA:54,2,0,5
BRDA:58,3,0,1
BRDA:59,4,0,4
BRDA:62,5,0,1
BRDA:63,6,0,4
BRDA:65,7,0,1
BRDA:65,8,0,4
BRDA:74,9,0,4
BRDA:79,10,0,0
BRDA:79,11,0,0
BRDA:85,12,0,5
BRDA:93,13,0,9
BRDA:98,14,0,32
BRDA:102,15,0,1
BRDA:105,16,0,31
BRF:17
BRH:15
end_of_record
